# JRE version: OpenJDK Runtime Environment (11.0.10) (build 11.0.10+0-b96-7249189)
# Java VM: OpenJDK 64-Bit Server VM (11.0.10+0-b96-7249189, mixed mode, tiered, compressed oops, g1 gc, windows-amd64)
Heap:
 garbage-first heap   total 545792K, used 202752K [0x0000000080000000, 0x0000000100000000)
  region size 1024K, 3 young (3072K), 3 survivors (3072K)
 Metaspace       used 110657K, capacity 113488K, committed 113612K, reserved 1146880K
  class space    used 14194K, capacity 15258K, committed 15360K, reserved 1048576K
GC Heap History (20 events):
Event: 83.872 GC heap after
{Heap after GC invocations=56 (full 0):
 garbage-first heap   total 165888K, used 135070K [0x0000000080000000, 0x0000000100000000)
  region size 1024K, 2 young (2048K), 2 survivors (2048K)
 Metaspace       used 109493K, capacity 112346K, committed 112460K, reserved 1146880K
  class space    used 14090K, capacity 15137K, committed 15232K, reserved 1048576K
}
Event: 83.980 GC heap before
{Heap before GC invocations=56 (full 0):
 garbage-first heap   total 165888K, used 140190K [0x0000000080000000, 0x0000000100000000)
  region size 1024K, 8 young (8192K), 2 survivors (2048K)
 Metaspace       used 109536K, capacity 112346K, committed 112460K, reserved 1146880K
  class space    used 14092K, capacity 15137K, committed 15232K, reserved 1048576K
}
Event: 83.995 GC heap after
{Heap after GC invocations=57 (full 0):
 garbage-first heap   total 199680K, used 133934K [0x0000000080000000, 0x0000000100000000)
  region size 1024K, 1 young (1024K), 1 survivors (1024K)
 Metaspace       used 109536K, capacity 112346K, committed 112460K, reserved 1146880K
  class space    used 14092K, capacity 15137K, committed 15232K, reserved 1048576K
}
Event: 83.995 GC heap before
{Heap before GC invocations=57 (full 0):
 garbage-first heap   total 199680K, used 133934K [0x0000000080000000, 0x0000000100000000)
  region size 1024K, 2 young (2048K), 1 survivors (1024K)
 Metaspace       used 109536K, capacity 112346K, committed 112460K, reserved 1146880K
  class space    used 14092K, capacity 15137K, committed 15232K, reserved 1048576K
}
Event: 84.005 GC heap after
{Heap after GC invocations=58 (full 0):
 garbage-first heap   total 199680K, used 134056K [0x0000000080000000, 0x0000000100000000)
  region size 1024K, 2 young (2048K), 2 survivors (2048K)
 Metaspace       used 109536K, capacity 112346K, committed 112460K, reserved 1146880K
  class space    used 14092K, capacity 15137K, committed 15232K, reserved 1048576K
}
Event: 84.532 GC heap before
{Heap before GC invocations=58 (full 0):
 garbage-first heap   total 199680K, used 151464K [0x0000000080000000, 0x0000000100000000)
  region size 1024K, 18 young (18432K), 2 survivors (2048K)
 Metaspace       used 109728K, capacity 112538K, committed 112716K, reserved 1146880K
  class space    used 14113K, capacity 15137K, committed 15232K, reserved 1048576K
}
Event: 84.558 GC heap after
{Heap after GC invocations=59 (full 0):
 garbage-first heap   total 199680K, used 141345K [0x0000000080000000, 0x0000000100000000)
  region size 1024K, 3 young (3072K), 3 survivors (3072K)
 Metaspace       used 109728K, capacity 112538K, committed 112716K, reserved 1146880K
  class space    used 14113K, capacity 15137K, committed 15232K, reserved 1048576K
}
Event: 85.019 GC heap before
{Heap before GC invocations=60 (full 0):
 garbage-first heap   total 199680K, used 155681K [0x0000000080000000, 0x0000000100000000)
  region size 1024K, 18 young (18432K), 3 survivors (3072K)
 Metaspace       used 110301K, capacity 113066K, committed 113228K, reserved 1146880K
  class space    used 14180K, capacity 15228K, committed 15232K, reserved 1048576K
}
Event: 85.046 GC heap after
{Heap after GC invocations=61 (full 0):
 garbage-first heap   total 199680K, used 146399K [0x0000000080000000, 0x0000000100000000)
  region size 1024K, 3 young (3072K), 3 survivors (3072K)
 Metaspace       used 110301K, capacity 113066K, committed 113228K, reserved 1146880K
  class space    used 14180K, capacity 15228K, committed 15232K, reserved 1048576K
}
Event: 85.114 GC heap before
{Heap before GC invocations=61 (full 0):
 garbage-first heap   total 199680K, used 152543K [0x0000000080000000, 0x0000000100000000)
  region size 1024K, 9 young (9216K), 3 survivors (3072K)
 Metaspace       used 110330K, capacity 113133K, committed 113228K, reserved 1146880K
  class space    used 14180K, capacity 15228K, committed 15232K, reserved 1048576K
}
Event: 85.134 GC heap after
{Heap after GC invocations=62 (full 0):
 garbage-first heap   total 199680K, used 149353K [0x0000000080000000, 0x0000000100000000)
  region size 1024K, 2 young (2048K), 2 survivors (2048K)
 Metaspace       used 110330K, capacity 113133K, committed 113228K, reserved 1146880K
  class space    used 14180K, capacity 15228K, committed 15232K, reserved 1048576K
}
Event: 85.349 GC heap before
{Heap before GC invocations=62 (full 0):
 garbage-first heap   total 199680K, used 161641K [0x0000000080000000, 0x0000000100000000)
  region size 1024K, 14 young (14336K), 2 survivors (2048K)
 Metaspace       used 110355K, capacity 113136K, committed 113228K, reserved 1146880K
  class space    used 14181K, capacity 15229K, committed 15232K, reserved 1048576K
}
Event: 85.369 GC heap after
{Heap after GC invocations=63 (full 0):
 garbage-first heap   total 276480K, used 155402K [0x0000000080000000, 0x0000000100000000)
  region size 1024K, 2 young (2048K), 2 survivors (2048K)
 Metaspace       used 110355K, capacity 113136K, committed 113228K, reserved 1146880K
  class space    used 14181K, capacity 15229K, committed 15232K, reserved 1048576K
}
Event: 86.576 GC heap before
{Heap before GC invocations=64 (full 0):
 garbage-first heap   total 276480K, used 187146K [0x0000000080000000, 0x0000000100000000)
  region size 1024K, 34 young (34816K), 2 survivors (2048K)
 Metaspace       used 110509K, capacity 113321K, committed 113484K, reserved 1146880K
  class space    used 14188K, capacity 15226K, committed 15232K, reserved 1048576K
}
Event: 86.621 GC heap after
{Heap after GC invocations=65 (full 0):
 garbage-first heap   total 276480K, used 172483K [0x0000000080000000, 0x0000000100000000)
  region size 1024K, 5 young (5120K), 5 survivors (5120K)
 Metaspace       used 110509K, capacity 113321K, committed 113484K, reserved 1146880K
  class space    used 14188K, capacity 15226K, committed 15232K, reserved 1048576K
}
Event: 86.916 GC heap before
{Heap before GC invocations=65 (full 0):
 garbage-first heap   total 276480K, used 201155K [0x0000000080000000, 0x0000000100000000)
  region size 1024K, 33 young (33792K), 5 survivors (5120K)
 Metaspace       used 110512K, capacity 113321K, committed 113484K, reserved 1146880K
  class space    used 14188K, capacity 15226K, committed 15232K, reserved 1048576K
}
Event: 86.961 GC heap after
{Heap after GC invocations=66 (full 0):
 garbage-first heap   total 276480K, used 188928K [0x0000000080000000, 0x0000000100000000)
  region size 1024K, 5 young (5120K), 5 survivors (5120K)
 Metaspace       used 110512K, capacity 113321K, committed 113484K, reserved 1146880K
  class space    used 14188K, capacity 15226K, committed 15232K, reserved 1048576K
}
Event: 87.697 GC heap before
{Heap before GC invocations=66 (full 0):
 garbage-first heap   total 276480K, used 212480K [0x0000000080000000, 0x0000000100000000)
  region size 1024K, 28 young (28672K), 5 survivors (5120K)
 Metaspace       used 110570K, capacity 113387K, committed 113484K, reserved 1146880K
  class space    used 14189K, capacity 15226K, committed 15232K, reserved 1048576K
}
Event: 87.732 GC heap after
{Heap after GC invocations=67 (full 0):
 garbage-first heap   total 276480K, used 198272K [0x0000000080000000, 0x0000000100000000)
  region size 1024K, 4 young (4096K), 4 survivors (4096K)
 Metaspace       used 110570K, capacity 113387K, committed 113484K, reserved 1146880K
  class space    used 14189K, capacity 15226K, committed 15232K, reserved 1048576K
}
Event: 88.357 GC heap before
{Heap before GC invocations=67 (full 0):
 garbage-first heap   total 276480K, used 218752K [0x0000000080000000, 0x0000000100000000)
  region size 1024K, 25 young (25600K), 4 survivors (4096K)
 Metaspace       used 110657K, capacity 113488K, committed 113612K, reserved 1146880K
  class space    used 14194K, capacity 15258K, committed 15360K, reserved 1048576K
}

